/home/bajcmartinez/anaconda3/envs/test/lib/python2.7/site-packages/sklearn/cross_validation.py:44: DeprecationWarning: This module was deprecated in version 0.18 in favor of the model_selection module into which all the refactored classes and functions are moved. Also note that the interface of the new CV iterators are different from that of this module. This module will be removed in 0.20.
  "This module will be removed in 0.20.", DeprecationWarning)
/home/bajcmartinez/anaconda3/envs/test/lib/python2.7/site-packages/sklearn/grid_search.py:43: DeprecationWarning: This module was deprecated in version 0.18 in favor of the model_selection module into which all the refactored classes and functions are moved. This module will be removed in 0.20.
  DeprecationWarning)
List of People: 
METTS MARK, BAXTER JOHN C, ELLIOTT STEVEN, CORDES WILLIAM R, HANNON KEVIN P, MORDAUNT KRISTINA M, MEYER ROCKFORD G, MCMAHON JEFFREY, HORTON STANLEY C, PIPER GREGORY F, HUMPHREY GENE E, UMANOFF ADAM S, BLACHMAN JEREMY M, SUNDE MARTIN, GIBBS DANA R, LOWRY CHARLES P, COLWELL WESLEY, MULLER MARK S, JACKSON CHARLENE R, WESTFAHL RICHARD K, WALTERS GARETH W, WALLS JR ROBERT H, KITCHEN LOUISE, CHAN RONNIE, BELFER ROBERT, SHANKMAN JEFFREY A, WODRASKA JOHN, BERGSIEKER RICHARD P, URQUHART JOHN A, BIBI PHILIPPE A, RIEKER PAULA H, WHALEY DAVID A, BECK SALLY W, HAUG DAVID L, ECHOLS JOHN B, MENDELSOHN JOHN, HICKERSON GARY J, CLINE KENNETH W, LEWIS RICHARD, HAYES ROBERT E, MCCARTY DANNY J, KOPPER MICHAEL J, LEFF DANIEL P, LAVORATO JOHN J, BERBERIAN DAVID, DETMERING TIMOTHY J, WAKEHAM JOHN, POWERS WILLIAM, GOLD JOSEPH, BANNANTINE JAMES M, DUNCAN JOHN H, SHAPIRO RICHARD S, SHERRIFF JOHN R, SHELBY REX, LEMAISTRE CHARLES, DEFFNER JOSEPH M, KISHKILL JOSEPH G, WHALLEY LAWRENCE G, MCCONNELL MICHAEL S, PIRO JIM, DELAINEY DAVID W, SULLIVAN-SHAKLOVITZ COLLEEN, WROBEL BRUCE, LINDHOLM TOD A, MEYER JEROME J, LAY KENNETH L, BUTTS ROBERT H, OLSON CINDY K, MCDONALD REBECCA, CUMBERLAND MICHAEL S, GAHN ROBERT S, MCCLELLAN GEORGE, HERMANN ROBERT J, SCRIMSHAW MATTHEW, GATHMANN WILLIAM D, HAEDICKE MARK E, BOWEN JR RAYMOND M, GILLIS JOHN, FITZGERALD JAY L, MORAN MICHAEL P, REDMOND BRIAN L, BAZELIDES PHILIP J, BELDEN TIMOTHY N, DURAN WILLIAM D, THORN TERENCE H, FASTOW ANDREW S, FOY JOE, CALGER CHRISTOPHER F, RICE KENNETH D, KAMINSKI WINCENTY J, LOCKHART EUGENE E, COX DAVID, OVERDYKE JR JERE C, PEREIRA PAULO V. FERRAZ, STABLER FRANK, SKILLING JEFFREY K, BLAKE JR. NORMAN P, SHERRICK JEFFREY B, PRENTICE JAMES, GRAY RODNEY, PICKERING MARK R, THE TRAVEL AGENCY IN THE PARK, NOLES JAMES L, KEAN STEVEN J, TOTAL, FOWLER PEGGY, WASAFF GEORGE, WHITE JR THOMAS E, CHRISTODOULOU DIOMEDES, ALLEN PHILLIP K, SHARP VICTORIA T, JAEDICKE ROBERT, WINOKUR JR. HERBERT S, BROWN MICHAEL, BADUM JAMES P, HUGHES JAMES A, REYNOLDS LAWRENCE, DIMICHELE RICHARD G, BHATNAGAR SANJAY, CARTER REBECCA C, BUCHANAN HAROLD G, YEAP SOON, MURRAY JULIA H, GARLAND C KEVIN, DODSON KEITH, YEAGER F SCOTT, HIRKO JOSEPH, DIETRICH JANET R, DERRICK JR. JAMES V, FREVERT MARK A, PAI LOU L, BAY FRANKLIN R, HAYSLETT RODERICK J, FUGH JOHN L, FALLON JAMES B, KOENIG MARK E, SAVAGE FRANK, IZZO LAWRENCE L, TILNEY ELIZABETH A, MARTIN AMANDA K, BUY RICHARD B, GRAMM WENDY L, CAUSEY RICHARD A, TAYLOR MITCHELL S, DONAHUE JR JEFFREY M, GLISAN JR BEN F



Some persons data as examples:
METTS MARK:
{   'bonus': 600000,
    'deferral_payments': 'NaN',
    'deferred_income': 'NaN',
    'director_fees': 'NaN',
    'email_address': 'mark.metts@enron.com',
    'exercised_stock_options': 'NaN',
    'expenses': 94299,
    'from_messages': 29,
    'from_poi_to_this_person': 38,
    'from_this_person_to_poi': 1,
    'loan_advances': 'NaN',
    'long_term_incentive': 'NaN',
    'other': 1740,
    'poi': False,
    'restricted_stock': 585062,
    'restricted_stock_deferred': 'NaN',
    'salary': 365788,
    'shared_receipt_with_poi': 702,
    'to_messages': 807,
    'total_payments': 1061827,
    'total_stock_value': 585062}
GLISAN JR BEN F:
{   'bonus': 600000,
    'deferral_payments': 'NaN',
    'deferred_income': 'NaN',
    'director_fees': 'NaN',
    'email_address': 'ben.glisan@enron.com',
    'exercised_stock_options': 384728,
    'expenses': 125978,
    'from_messages': 16,
    'from_poi_to_this_person': 52,
    'from_this_person_to_poi': 6,
    'loan_advances': 'NaN',
    'long_term_incentive': 71023,
    'other': 200308,
    'poi': True,
    'restricted_stock': 393818,
    'restricted_stock_deferred': 'NaN',
    'salary': 274975,
    'shared_receipt_with_poi': 874,
    'to_messages': 873,
    'total_payments': 1272284,
    'total_stock_value': 778546}



('Number of persons:', 146)
('Number of POIs:', 18)
('POIs:', 'HANNON KEVIN P, COLWELL WESLEY, RIEKER PAULA H, KOPPER MICHAEL J, SHELBY REX, DELAINEY DAVID W, LAY KENNETH L, BOWEN JR RAYMOND M, BELDEN TIMOTHY N, FASTOW ANDREW S, CALGER CHRISTOPHER F, RICE KENNETH D, SKILLING JEFFREY K, YEAGER F SCOTT, HIRKO JOSEPH, KOENIG MARK E, CAUSEY RICHARD A, GLISAN JR BEN F')
Finding possible outliers...
Found 8 potential outliers, "CHAN RONNIE, LAVORATO JOHN J, LAY KENNETH L, LOCKHART EUGENE E, SKILLING JEFFREY K, TOTAL, FREVERT MARK A, THE TRAVEL AGENCY IN THE PARK"
  -> "LAVORATO JOHN J" is excluded for having high interactions with a POI
  -> "LAY KENNETH L" is excluded for being a POI
  -> "SKILLING JEFFREY K" is excluded for being a POI
  -> "FREVERT MARK A" is excluded for having high interactions with a POI
Found 4 actual outliers, "CHAN RONNIE, LOCKHART EUGENE E, TOTAL, THE TRAVEL AGENCY IN THE PARK"
('Items on the DS before removal:', 146)
Removed 4 outliers from the dataset
('Items on the DS after removal:', 142)
Adding features...
Trying classifiers with the complete feature list
Trying classifiers for features: [poi, salary, deferral_payments, total_payments, loan_advances, bonus, restricted_stock_deferred, deferred_income, total_stock_value, expenses, exercised_stock_options, other, long_term_incentive, restricted_stock, director_fees, to_messages, from_poi_to_this_person, from_messages, from_this_person_to_poi, shared_receipt_with_poi]
Trying GaussianNB...
GridSearchCV(cv=None, error_score='raise', estimator=GaussianNB(priors=None),
       fit_params={}, iid=True, n_jobs=1, param_grid={},
       pre_dispatch='2*n_jobs', refit=True, scoring=None, verbose=0)
	Accuracy: 0.73573	Precision: 0.21635	Recall: 0.37450	F1: 0.27426	F2: 0.32673
	Total predictions: 15000	True positives:  749	False positives: 2713	False negatives: 1251	True negatives: 10287

Trying AdaBoost...
GridSearchCV(cv=None, error_score='raise',
       estimator=AdaBoostClassifier(algorithm='SAMME.R',
          base_estimator=DecisionTreeClassifier(class_weight='balanced', criterion='gini', max_depth=1,
            max_features=None, max_leaf_nodes=None,
            min_impurity_split=1e-07, min_samples_leaf=2,
            min_samples_split=2, min_weight_fraction_leaf=0.0,
            presort=False, random_state=None, splitter='best'),
          learning_rate=0.8, n_estimators=50, random_state=None),
       fit_params={}, iid=True, n_jobs=1, param_grid={},
       pre_dispatch='2*n_jobs', refit=True, scoring=None, verbose=0)
	Accuracy: 0.82827	Precision: 0.35185	Recall: 0.34200	F1: 0.34686	F2: 0.34393
	Total predictions: 15000	True positives:  684	False positives: 1260	False negatives: 1316	True negatives: 11740

Trying RandomForest...
GridSearchCV(cv=None, error_score='raise',
       estimator=RandomForestClassifier(bootstrap=True, class_weight=None, criterion='gini',
            max_depth=None, max_features='auto', max_leaf_nodes=None,
            min_impurity_split=1e-07, min_samples_leaf=1,
            min_samples_split=2, min_weight_fraction_leaf=0.0,
            n_estimators=10, n_jobs=1, oob_score=False, random_state=None,
            verbose=0, warm_start=False),
       fit_params={}, iid=True, n_jobs=1, param_grid={},
       pre_dispatch='2*n_jobs', refit=True, scoring=None, verbose=0)
	Accuracy: 0.85453	Precision: 0.36458	Recall: 0.12250	F1: 0.18338	F2: 0.14126
	Total predictions: 15000	True positives:  245	False positives:  427	False negatives: 1755	True negatives: 12573

Trying SVC...
/home/bajcmartinez/anaconda3/envs/test/lib/python2.7/site-packages/sklearn/svm/base.py:220: ConvergenceWarning: Solver terminated early (max_iter=1000).  Consider pre-processing your data with StandardScaler or MinMaxScaler.
  % self.max_iter, ConvergenceWarning)
GridSearchCV(cv=None, error_score='raise',
       estimator=SVC(C=1.0, cache_size=200, class_weight=None, coef0=0.0,
  decision_function_shape=None, degree=3, gamma='auto', kernel='linear',
  max_iter=1000, probability=False, random_state=None, shrinking=True,
  tol=0.001, verbose=False),
       fit_params={}, iid=True, n_jobs=1, param_grid={},
       pre_dispatch='2*n_jobs', refit=True, scoring=None, verbose=0)
	Accuracy: 0.48747	Precision: 0.14055	Recall: 0.55600	F1: 0.22437	F2: 0.34942
	Total predictions: 15000	True positives: 1112	False positives: 6800	False negatives:  888	True negatives: 6200

Trying classifiers with the optimal feature list
Finding optimal features
Optimal features:
[('salary', '2.99', '0.084'),
 ('total_payments', '2.75', '0.097'),
 ('loan_advances', '6.63', '0.010'),
 ('bonus', '5.05', '0.025'),
 ('total_stock_value', '5.41', '0.020'),
 ('expenses', '1.45', '0.229'),
 ('exercised_stock_options', '6.76', '0.009'),
 ('other', '1.69', '0.193'),
 ('long_term_incentive', '2.50', '0.114'),
 ('shared_receipt_with_poi', '2.38', '0.123')]
Trying classifiers for features: [poi, salary, total_payments, loan_advances, bonus, total_stock_value, expenses, exercised_stock_options, other, long_term_incentive, shared_receipt_with_poi]
Trying GaussianNB...
GridSearchCV(cv=None, error_score='raise', estimator=GaussianNB(priors=None),
       fit_params={}, iid=True, n_jobs=1, param_grid={},
       pre_dispatch='2*n_jobs', refit=True, scoring=None, verbose=0)
	Accuracy: 0.79640	Precision: 0.22263	Recall: 0.21150	F1: 0.21692	F2: 0.21364
	Total predictions: 15000	True positives:  423	False positives: 1477	False negatives: 1577	True negatives: 11523

Trying AdaBoost...
GridSearchCV(cv=None, error_score='raise',
       estimator=AdaBoostClassifier(algorithm='SAMME.R',
          base_estimator=DecisionTreeClassifier(class_weight='balanced', criterion='gini', max_depth=1,
            max_features=None, max_leaf_nodes=None,
            min_impurity_split=1e-07, min_samples_leaf=2,
            min_samples_split=2, min_weight_fraction_leaf=0.0,
            presort=False, random_state=None, splitter='best'),
          learning_rate=0.8, n_estimators=50, random_state=None),
       fit_params={}, iid=True, n_jobs=1, param_grid={},
       pre_dispatch='2*n_jobs', refit=True, scoring=None, verbose=0)
	Accuracy: 0.82127	Precision: 0.33251	Recall: 0.33800	F1: 0.33523	F2: 0.33689
	Total predictions: 15000	True positives:  676	False positives: 1357	False negatives: 1324	True negatives: 11643

Trying Tuned AdaBoost...
GridSearchCV(cv=None, error_score='raise',
       estimator=AdaBoostClassifier(algorithm='SAMME.R',
          base_estimator=DecisionTreeClassifier(class_weight='balanced', criterion='gini', max_depth=1,
            max_features=None, max_leaf_nodes=None,
            min_impurity_split=1e-07, min_samples_leaf=2,
            min_samples_split=2, min_weight_fraction_leaf=0.0,
            presort=False, random_state=None, splitter='best'),
          learning_rate=0.8, n_estimators=50, random_state=None),
       fit_params={}, iid=True, n_jobs=1,
       param_grid={'n_estimators': [1, 5, 10, 50]},
       pre_dispatch='2*n_jobs', refit=True, scoring=None, verbose=0)
	Accuracy: 0.81280	Precision: 0.32187	Recall: 0.36500	F1: 0.34208	F2: 0.35547
	Total predictions: 15000	True positives:  730	False positives: 1538	False negatives: 1270	True negatives: 11462

Trying RandomForest...
GridSearchCV(cv=None, error_score='raise',
       estimator=RandomForestClassifier(bootstrap=True, class_weight=None, criterion='gini',
            max_depth=None, max_features='auto', max_leaf_nodes=None,
            min_impurity_split=1e-07, min_samples_leaf=1,
            min_samples_split=2, min_weight_fraction_leaf=0.0,
            n_estimators=10, n_jobs=1, oob_score=False, random_state=None,
            verbose=0, warm_start=False),
       fit_params={}, iid=True, n_jobs=1, param_grid={},
       pre_dispatch='2*n_jobs', refit=True, scoring=None, verbose=0)
	Accuracy: 0.85987	Precision: 0.42672	Recall: 0.14850	F1: 0.22033	F2: 0.17077
	Total predictions: 15000	True positives:  297	False positives:  399	False negatives: 1703	True negatives: 12601

Trying Tuned RandomForest...
GridSearchCV(cv=None, error_score='raise',
       estimator=RandomForestClassifier(bootstrap=True, class_weight=None, criterion='gini',
            max_depth=None, max_features='auto', max_leaf_nodes=None,
            min_impurity_split=1e-07, min_samples_leaf=1,
            min_samples_split=2, min_weight_fraction_leaf=0.0,
            n_estimators=10, n_jobs=1, oob_score=False, random_state=None,
            verbose=0, warm_start=False),
       fit_params={}, iid=True, n_jobs=1,
       param_grid={'n_estimators': [4, 5, 10, 500]},
       pre_dispatch='2*n_jobs', refit=True, scoring=None, verbose=0)
	Accuracy: 0.85427	Precision: 0.38902	Recall: 0.16300	F1: 0.22974	F2: 0.18443
	Total predictions: 15000	True positives:  326	False positives:  512	False negatives: 1674	True negatives: 12488

Trying SVC...
GridSearchCV(cv=None, error_score='raise',
       estimator=SVC(C=1.0, cache_size=200, class_weight=None, coef0=0.0,
  decision_function_shape=None, degree=3, gamma='auto', kernel='linear',
  max_iter=1000, probability=False, random_state=None, shrinking=True,
  tol=0.001, verbose=False),
       fit_params={}, iid=True, n_jobs=1, param_grid={},
       pre_dispatch='2*n_jobs', refit=True, scoring=None, verbose=0)
	Accuracy: 0.47840	Precision: 0.14138	Recall: 0.57400	F1: 0.22688	F2: 0.35608
	Total predictions: 15000	True positives: 1148	False positives: 6972	False negatives:  852	True negatives: 6028

Trying Tuned SVC...
/home/bajcmartinez/anaconda3/envs/test/lib/python2.7/site-packages/sklearn/svm/base.py:220: ConvergenceWarning: Solver terminated early (max_iter=1).  Consider pre-processing your data with StandardScaler or MinMaxScaler.
  % self.max_iter, ConvergenceWarning)
/home/bajcmartinez/anaconda3/envs/test/lib/python2.7/site-packages/sklearn/svm/base.py:220: ConvergenceWarning: Solver terminated early (max_iter=100).  Consider pre-processing your data with StandardScaler or MinMaxScaler.
  % self.max_iter, ConvergenceWarning)
GridSearchCV(cv=None, error_score='raise',
       estimator=SVC(C=1.0, cache_size=200, class_weight=None, coef0=0.0,
  decision_function_shape=None, degree=3, gamma='auto', kernel='linear',
  max_iter=1000, probability=False, random_state=None, shrinking=True,
  tol=0.001, verbose=False),
       fit_params={}, iid=True, n_jobs=1,
       param_grid={'kernel': ['rbf', 'poly', 'linear'], 'C': [1, 50, 100, 1000], 'max_iter': [1, 100, 1000], 'degree': [1, 2], 'gamma': [0.5, 0.1, 0.01]},
       pre_dispatch='2*n_jobs', refit=True, scoring=None, verbose=0)
	Accuracy: 0.86320	Precision: 0.12857	Recall: 0.00450	F1: 0.00870	F2: 0.00558
	Total predictions: 15000	True positives:    9	False positives:   61	False negatives: 1991	True negatives: 12939

